<?xml version="1.0" encoding="UTF-8"?>
<testsuite name="agh.ics.oop.lab4Tests" tests="1" skipped="0" failures="0" errors="0" timestamp="2021-11-18T17:15:11" hostname="d17-327e-pc-09.ipa.ki.agh.edu.pl" time="0.044">
  <properties/>
  <testcase name="moveTest()" classname="agh.ics.oop.lab4Tests" time="0.044"/>
  <system-out><![CDATA[ y\x  0 1 2 3 4 5 6 7 8 910
  6: -----------------------
  5: | | | | | | | | | | | |
  4: | | | | | | | | | | | |
  3: | | |E|W| | | | | | | |
  2: | | | | | | | | | | | |
  1: | | | | | | | | | | | |
  0: | | | | | | | | | | | |
 -1: -----------------------

 y\x  0 1 2 3 4 5 6 7 8 910
  6: -----------------------
  5: | | | |N| | | | | | | |
  4: | | | | | | | | | | | |
  3: | | | | | | | | | | | |
  2: | | | | | | | | | | | |
  1: | | | | | | | | | | | |
  0: | | |S| | | | | | | | |
 -1: -----------------------

]]></system-out>
  <system-err><![CDATA[]]></system-err>
</testsuite>
