<?xml version="1.0" encoding="UTF-8"?>
<testsuite name="agh.ics.oop.Vector2dTest" tests="9" skipped="0" failures="0" errors="0" timestamp="2021-10-22T09:04:55" hostname="DESKTOP-7LI4U5R" time="0.05">
  <properties/>
  <testcase name="upperRightTest()" classname="agh.ics.oop.Vector2dTest" time="0.027"/>
  <testcase name="addTest()" classname="agh.ics.oop.Vector2dTest" time="0.0"/>
  <testcase name="precedesTest()" classname="agh.ics.oop.Vector2dTest" time="0.001"/>
  <testcase name="oppositeTest()" classname="agh.ics.oop.Vector2dTest" time="0.0"/>
  <testcase name="lowerLeftTest()" classname="agh.ics.oop.Vector2dTest" time="0.001"/>
  <testcase name="equalsTest()" classname="agh.ics.oop.Vector2dTest" time="0.001"/>
  <testcase name="toStringTest()" classname="agh.ics.oop.Vector2dTest" time="0.013"/>
  <testcase name="subtractTest()" classname="agh.ics.oop.Vector2dTest" time="0.001"/>
  <testcase name="followsTest()" classname="agh.ics.oop.Vector2dTest" time="0.0"/>
  <system-out><![CDATA[]]></system-out>
  <system-err><![CDATA[]]></system-err>
</testsuite>
