<?xml version="1.0" encoding="UTF-8"?>
<testsuite name="agh.ics.oop.ParserTest" tests="4" skipped="0" failures="0" errors="0" timestamp="2021-11-04T11:41:47" hostname="DESKTOP-7LI4U5R" time="0.061">
  <properties/>
  <testcase name="parsingTest()" classname="agh.ics.oop.ParserTest" time="0.037"/>
  <testcase name="positionTest()" classname="agh.ics.oop.ParserTest" time="0.002"/>
  <testcase name="facingTest()" classname="agh.ics.oop.ParserTest" time="0.002"/>
  <testcase name="outOfBordersTest()" classname="agh.ics.oop.ParserTest" time="0.015"/>
  <system-out><![CDATA[(2,4)
]]></system-out>
  <system-err><![CDATA[]]></system-err>
</testsuite>
